[2m2025-10-04T05:05:10.820400Z[0m [34mDEBUG[0m selected GPU adapter [3mname[0m[2m=[0mNVIDIA GeForce RTX 3080 [3mbackend[0m[2m=[0mVulkan [3mdevice_type[0m[2m=[0mDiscreteGpu [3mis_software[0m[2m=[0mfalse
[2m2025-10-04T05:05:10.821058Z[0m [34mDEBUG[0m resolved MSAA configuration [3mantialiasing[0m[2m=[0mAuto [3msample_count[0m[2m=[0m8 [3msupported_samples[0m[2m=[0m[1, 2, 4, 8]
[2m2025-10-04T05:05:10.925665Z[0m [34mDEBUG[0m using present mode [3mpresent_mode[0m[2m=[0mFifo
[2m2025-10-04T05:05:11.246881Z[0m [34mDEBUG[0m swapping shader pipeline [3mshader[0m[2m=[0m/home/nic/repos/LambdaShader/local-shaders/black/image.glsl [3mcrossfade_ms[0m[2m=[0m0 [3mwarmup_ms[0m[2m=[0m0
[2m2025-10-04T05:05:12.152158Z[0m [34mDEBUG[0m updated shader uniforms [3mi_time[0m[2m=[0m0.9051846861839294 [3mi_frame[0m[2m=[0m56 [3mi_mouse[0m[2m=[0m[453.79297, 651.125, 0.0, 0.0] [3mwidth[0m[2m=[0m1565 [3mheight[0m[2m=[0m1020
[2m2025-10-04T05:05:13.152170Z[0m [34mDEBUG[0m updated shader uniforms [3mi_time[0m[2m=[0m1.9052027463912964 [3mi_frame[0m[2m=[0m116 [3mi_mouse[0m[2m=[0m[453.79297, 651.125, 0.0, 0.0] [3mwidth[0m[2m=[0m1565 [3mheight[0m[2m=[0m1020
[2m2025-10-04T05:05:14.168867Z[0m [34mDEBUG[0m updated shader uniforms [3mi_time[0m[2m=[0m2.9218971729278564 [3mi_frame[0m[2m=[0m177 [3mi_mouse[0m[2m=[0m[453.79297, 651.125, 0.0, 0.0] [3mwidth[0m[2m=[0m1565 [3mheight[0m[2m=[0m1020
[2m2025-10-04T05:05:15.185489Z[0m [34mDEBUG[0m updated shader uniforms [3mi_time[0m[2m=[0m3.9385242462158203 [3mi_frame[0m[2m=[0m238 [3mi_mouse[0m[2m=[0m[453.79297, 651.125, 0.0, 0.0] [3mwidth[0m[2m=[0m1565 [3mheight[0m[2m=[0m1020
[2m2025-10-04T05:05:16.185547Z[0m [34mDEBUG[0m updated shader uniforms [3mi_time[0m[2m=[0m4.9385809898376465 [3mi_frame[0m[2m=[0m298 [3mi_mouse[0m[2m=[0m[453.79297, 651.125, 0.0, 0.0] [3mwidth[0m[2m=[0m1565 [3mheight[0m[2m=[0m1020
[2m2025-10-04T05:05:16.287301Z[0m [34mDEBUG[0m swapping shader pipeline [3mshader[0m[2m=[0m/home/nic/repos/LambdaShader/local-shaders/white/image.glsl [3mcrossfade_ms[0m[2m=[0m1000 [3mwarmup_ms[0m[2m=[0m0
[2m2025-10-04T05:05:16.287523Z[0m [34mDEBUG[0m crossfade weights [3mprev_mix[0m[2m=[0m0.9163451194763184 [3mcurr_mix[0m[2m=[0m0.08365487307310104 [3mprogress[0m[2m=[0m0.08365487307310104
[2m2025-10-04T05:05:16.287550Z[0m [34mDEBUG[0m crossfade pixel samples [3mprev_pixel[0m[2m=[0m[0.0, 0.0, 0.0, 0.9163451] [3mcurr_pixel[0m[2m=[0m[0.08365487, 0.08365487, 0.08365487, 0.08365487] [3mblended_pixel[0m[2m=[0m[0.08365487, 0.08365487, 0.08365487, 1.0]
[2m2025-10-04T05:05:16.289554Z[0m [34mDEBUG[0m crossfade weights [3mprev_mix[0m[2m=[0m0.9154176712036133 [3mcurr_mix[0m[2m=[0m0.08458230644464493 [3mprogress[0m[2m=[0m0.08458230644464493
[2m2025-10-04T05:05:16.289579Z[0m [34mDEBUG[0m crossfade pixel samples [3mprev_pixel[0m[2m=[0m[0.0, 0.0, 0.0, 0.9154177] [3mcurr_pixel[0m[2m=[0m[0.08458231, 0.08458231, 0.08458231, 0.08458231] [3mblended_pixel[0m[2m=[0m[0.08458231, 0.08458231, 0.08458231, 1.0]
[2m2025-10-04T05:05:16.302299Z[0m [34mDEBUG[0m crossfade weights [3mprev_mix[0m[2m=[0m0.9014933109283447 [3mcurr_mix[0m[2m=[0m0.09850671887397766 [3mprogress[0m[2m=[0m0.09850671887397766
[2m2025-10-04T05:05:16.302324Z[0m [34mDEBUG[0m crossfade pixel samples [3mprev_pixel[0m[2m=[0m[0.0, 0.0, 0.0, 0.9014933] [3mcurr_pixel[0m[2m=[0m[0.09850672, 0.09850672, 0.09850672, 0.09850672] [3mblended_pixel[0m[2m=[0m[0.09850672, 0.09850672, 0.09850672, 1.0]
[2m2025-10-04T05:05:16.318857Z[0m [34mDEBUG[0m crossfade weights [3mprev_mix[0m[2m=[0m0.8849349617958069 [3mcurr_mix[0m[2m=[0m0.11506503075361252 [3mprogress[0m[2m=[0m0.11506503075361252
[2m2025-10-04T05:05:16.318884Z[0m [34mDEBUG[0m crossfade pixel samples [3mprev_pixel[0m[2m=[0m[0.0, 0.0, 0.0, 0.88493496] [3mcurr_pixel[0m[2m=[0m[0.11506503, 0.11506503, 0.11506503, 0.11506503] [3mblended_pixel[0m[2m=[0m[0.11506503, 0.11506503, 0.11506503, 1.0]
[2m2025-10-04T05:05:16.335602Z[0m [34mDEBUG[0m crossfade weights [3mprev_mix[0m[2m=[0m0.8681948781013489 [3mcurr_mix[0m[2m=[0m0.13180513679981232 [3mprogress[0m[2m=[0m0.13180513679981232
[2m2025-10-04T05:05:16.335637Z[0m [34mDEBUG[0m crossfade pixel samples [3mprev_pixel[0m[2m=[0m[0.0, 0.0, 0.0, 0.8681949] [3mcurr_pixel[0m[2m=[0m[0.13180514, 0.13180514, 0.13180514, 0.13180514] [3mblended_pixel[0m[2m=[0m[0.13180514, 0.13180514, 0.13180514, 1.0]
[2m2025-10-04T05:05:16.352204Z[0m [34mDEBUG[0m crossfade weights [3mprev_mix[0m[2m=[0m0.8515984416007996 [3mcurr_mix[0m[2m=[0m0.14840155839920044 [3mprogress[0m[2m=[0m0.14840155839920044
[2m2025-10-04T05:05:16.352231Z[0m [34mDEBUG[0m crossfade pixel samples [3mprev_pixel[0m[2m=[0m[0.0, 0.0, 0.0, 0.85159844] [3mcurr_pixel[0m[2m=[0m[0.14840156, 0.14840156, 0.14840156, 0.14840156] [3mblended_pixel[0m[2m=[0m[0.14840156, 0.14840156, 0.14840156, 1.0]
[2m2025-10-04T05:05:16.368957Z[0m [34mDEBUG[0m crossfade weights [3mprev_mix[0m[2m=[0m0.8348480463027954 [3mcurr_mix[0m[2m=[0m0.1651519387960434 [3mprogress[0m[2m=[0m0.1651519387960434
[2m2025-10-04T05:05:16.368985Z[0m [34mDEBUG[0m crossfade pixel samples [3mprev_pixel[0m[2m=[0m[0.0, 0.0, 0.0, 0.83484805] [3mcurr_pixel[0m[2m=[0m[0.16515194, 0.16515194, 0.16515194, 0.16515194] [3mblended_pixel[0m[2m=[0m[0.16515194, 0.16515194, 0.16515194, 1.0]
[2m2025-10-04T05:05:16.385566Z[0m [34mDEBUG[0m crossfade weights [3mprev_mix[0m[2m=[0m0.8182440996170044 [3mcurr_mix[0m[2m=[0m0.18175587058067322 [3mprogress[0m[2m=[0m0.18175587058067322
[2m2025-10-04T05:05:16.385592Z[0m [34mDEBUG[0m crossfade pixel samples [3mprev_pixel[0m[2m=[0m[0.0, 0.0, 0.0, 0.8182441] [3mcurr_pixel[0m[2m=[0m[0.18175587, 0.18175587, 0.18175587, 0.18175587] [3mblended_pixel[0m[2m=[0m[0.18175587, 0.18175587, 0.18175587, 1.0]
[2m2025-10-04T05:05:16.402261Z[0m [34mDEBUG[0m crossfade weights [3mprev_mix[0m[2m=[0m0.8015984892845154 [3mcurr_mix[0m[2m=[0m0.19840151071548462 [3mprogress[0m[2m=[0m0.19840151071548462
[2m2025-10-04T05:05:16.402292Z[0m [34mDEBUG[0m crossfade pixel samples [3mprev_pixel[0m[2m=[0m[0.0, 0.0, 0.0, 0.8015985] [3mcurr_pixel[0m[2m=[0m[0.19840151, 0.19840151, 0.19840151, 0.19840151] [3mblended_pixel[0m[2m=[0m[0.19840151, 0.19840151, 0.19840151, 1.0]
[2m2025-10-04T05:05:16.419279Z[0m [34mDEBUG[0m crossfade weights [3mprev_mix[0m[2m=[0m0.7846318483352661 [3mcurr_mix[0m[2m=[0m0.21536816656589508 [3mprogress[0m[2m=[0m0.21536816656589508
[2m2025-10-04T05:05:16.419323Z[0m [34mDEBUG[0m crossfade pixel samples [3mprev_pixel[0m[2m=[0m[0.0, 0.0, 0.0, 0.78463185] [3mcurr_pixel[0m[2m=[0m[0.21536817, 0.21536817, 0.21536817, 0.21536817] [3mblended_pixel[0m[2m=[0m[0.21536817, 0.21536817, 0.21536817, 1.0]
[2m2025-10-04T05:05:16.435663Z[0m [34mDEBUG[0m crossfade weights [3mprev_mix[0m[2m=[0m0.7681511640548706 [3mcurr_mix[0m[2m=[0m0.23184886574745178 [3mprogress[0m[2m=[0m0.23184886574745178
[2m2025-10-04T05:05:16.435700Z[0m [34mDEBUG[0m crossfade pixel samples [3mprev_pixel[0m[2m=[0m[0.0, 0.0, 0.0, 0.76815116] [3mcurr_pixel[0m[2m=[0m[0.23184887, 0.23184887, 0.23184887, 0.23184887] [3mblended_pixel[0m[2m=[0m[0.23184887, 0.23184887, 0.23184887, 1.0]
[2m2025-10-04T05:05:16.452285Z[0m [34mDEBUG[0m crossfade weights [3mprev_mix[0m[2m=[0m0.7515231370925903 [3mcurr_mix[0m[2m=[0m0.24847687780857086 [3mprogress[0m[2m=[0m0.24847687780857086
[2m2025-10-04T05:05:16.452313Z[0m [34mDEBUG[0m crossfade pixel samples [3mprev_pixel[0m[2m=[0m[0.0, 0.0, 0.0, 0.75152314] [3mcurr_pixel[0m[2m=[0m[0.24847688, 0.24847688, 0.24847688, 0.24847688] [3mblended_pixel[0m[2m=[0m[0.24847688, 0.24847688, 0.24847688, 1.0]
[2m2025-10-04T05:05:16.468891Z[0m [34mDEBUG[0m crossfade weights [3mprev_mix[0m[2m=[0m0.7349132299423218 [3mcurr_mix[0m[2m=[0m0.2650867998600006 [3mprogress[0m[2m=[0m0.2650867998600006
[2m2025-10-04T05:05:16.468925Z[0m [34mDEBUG[0m crossfade pixel samples [3mprev_pixel[0m[2m=[0m[0.0, 0.0, 0.0, 0.73491323] [3mcurr_pixel[0m[2m=[0m[0.2650868, 0.2650868, 0.2650868, 0.2650868] [3mblended_pixel[0m[2m=[0m[0.2650868, 0.2650868, 0.2650868, 1.0]
[2m2025-10-04T05:05:16.485565Z[0m [34mDEBUG[0m crossfade weights [3mprev_mix[0m[2m=[0m0.7182380557060242 [3mcurr_mix[0m[2m=[0m0.28176194429397583 [3mprogress[0m[2m=[0m0.28176194429397583
[2m2025-10-04T05:05:16.485592Z[0m [34mDEBUG[0m crossfade pixel samples [3mprev_pixel[0m[2m=[0m[0.0, 0.0, 0.0, 0.71823806] [3mcurr_pixel[0m[2m=[0m[0.28176194, 0.28176194, 0.28176194, 0.28176194] [3mblended_pixel[0m[2m=[0m[0.28176194, 0.28176194, 0.28176194, 1.0]
[2m2025-10-04T05:05:16.502222Z[0m [34mDEBUG[0m crossfade weights [3mprev_mix[0m[2m=[0m0.7015920877456665 [3mcurr_mix[0m[2m=[0m0.2984078824520111 [3mprogress[0m[2m=[0m0.2984078824520111
[2m2025-10-04T05:05:16.502249Z[0m [34mDEBUG[0m crossfade pixel samples [3mprev_pixel[0m[2m=[0m[0.0, 0.0, 0.0, 0.7015921] [3mcurr_pixel[0m[2m=[0m[0.29840788, 0.29840788, 0.29840788, 0.29840788] [3mblended_pixel[0m[2m=[0m[0.29840788, 0.29840788, 0.29840788, 1.0]
[2m2025-10-04T05:05:16.518871Z[0m [34mDEBUG[0m crossfade weights [3mprev_mix[0m[2m=[0m0.6849299669265747 [3mcurr_mix[0m[2m=[0m0.3150700628757477 [3mprogress[0m[2m=[0m0.3150700628757477
[2m2025-10-04T05:05:16.518898Z[0m [34mDEBUG[0m crossfade pixel samples [3mprev_pixel[0m[2m=[0m[0.0, 0.0, 0.0, 0.68492997] [3mcurr_pixel[0m[2m=[0m[0.31507006, 0.31507006, 0.31507006, 0.31507006] [3mblended_pixel[0m[2m=[0m[0.31507006, 0.31507006, 0.31507006, 1.0]
[2m2025-10-04T05:05:16.535592Z[0m [34mDEBUG[0m crossfade weights [3mprev_mix[0m[2m=[0m0.6682124137878418 [3mcurr_mix[0m[2m=[0m0.3317875862121582 [3mprogress[0m[2m=[0m0.3317875862121582
[2m2025-10-04T05:05:16.535621Z[0m [34mDEBUG[0m crossfade pixel samples [3mprev_pixel[0m[2m=[0m[0.0, 0.0, 0.0, 0.6682124] [3mcurr_pixel[0m[2m=[0m[0.3317876, 0.3317876, 0.3317876, 0.3317876] [3mblended_pixel[0m[2m=[0m[0.3317876, 0.3317876, 0.3317876, 1.0]
[2m2025-10-04T05:05:16.552250Z[0m [34mDEBUG[0m crossfade weights [3mprev_mix[0m[2m=[0m0.6515672206878662 [3mcurr_mix[0m[2m=[0m0.3484328091144562 [3mprogress[0m[2m=[0m0.3484328091144562
[2m2025-10-04T05:05:16.552284Z[0m [34mDEBUG[0m crossfade pixel samples [3mprev_pixel[0m[2m=[0m[0.0, 0.0, 0.0, 0.6515672] [3mcurr_pixel[0m[2m=[0m[0.3484328, 0.3484328, 0.3484328, 0.3484328] [3mblended_pixel[0m[2m=[0m[0.3484328, 0.3484328, 0.3484328, 1.0]
[2m2025-10-04T05:05:16.568885Z[0m [34mDEBUG[0m crossfade weights [3mprev_mix[0m[2m=[0m0.6349184513092041 [3mcurr_mix[0m[2m=[0m0.3650815188884735 [3mprogress[0m[2m=[0m0.3650815188884735
[2m2025-10-04T05:05:16.568912Z[0m [34mDEBUG[0m crossfade pixel samples [3mprev_pixel[0m[2m=[0m[0.0, 0.0, 0.0, 0.63491845] [3mcurr_pixel[0m[2m=[0m[0.36508152, 0.36508152, 0.36508152, 0.36508152] [3mblended_pixel[0m[2m=[0m[0.36508152, 0.36508152, 0.36508152, 1.0]
[2m2025-10-04T05:05:16.585555Z[0m [34mDEBUG[0m crossfade weights [3mprev_mix[0m[2m=[0m0.6182406544685364 [3mcurr_mix[0m[2m=[0m0.3817593455314636 [3mprogress[0m[2m=[0m0.3817593455314636
[2m2025-10-04T05:05:16.585581Z[0m [34mDEBUG[0m crossfade pixel samples [3mprev_pixel[0m[2m=[0m[0.0, 0.0, 0.0, 0.61824065] [3mcurr_pixel[0m[2m=[0m[0.38175935, 0.38175935, 0.38175935, 0.38175935] [3mblended_pixel[0m[2m=[0m[0.38175935, 0.38175935, 0.38175935, 1.0]
[2m2025-10-04T05:05:16.602315Z[0m [34mDEBUG[0m crossfade weights [3mprev_mix[0m[2m=[0m0.6015622615814209 [3mcurr_mix[0m[2m=[0m0.3984377086162567 [3mprogress[0m[2m=[0m0.3984377086162567
[2m2025-10-04T05:05:16.602343Z[0m [34mDEBUG[0m crossfade pixel samples [3mprev_pixel[0m[2m=[0m[0.0, 0.0, 0.0, 0.60156226] [3mcurr_pixel[0m[2m=[0m[0.3984377, 0.3984377, 0.3984377, 0.3984377] [3mblended_pixel[0m[2m=[0m[0.3984377, 0.3984377, 0.3984377, 1.0]
[2m2025-10-04T05:05:16.618884Z[0m [34mDEBUG[0m crossfade weights [3mprev_mix[0m[2m=[0m0.5849094390869141 [3mcurr_mix[0m[2m=[0m0.41509056091308594 [3mprogress[0m[2m=[0m0.41509056091308594
[2m2025-10-04T05:05:16.618918Z[0m [34mDEBUG[0m crossfade pixel samples [3mprev_pixel[0m[2m=[0m[0.0, 0.0, 0.0, 0.58490944] [3mcurr_pixel[0m[2m=[0m[0.41509056, 0.41509056, 0.41509056, 0.41509056] [3mblended_pixel[0m[2m=[0m[0.41509056, 0.41509056, 0.41509056, 1.0]
[2m2025-10-04T05:05:16.635542Z[0m [34mDEBUG[0m crossfade weights [3mprev_mix[0m[2m=[0m0.5682514905929565 [3mcurr_mix[0m[2m=[0m0.43174853920936584 [3mprogress[0m[2m=[0m0.43174853920936584
[2m2025-10-04T05:05:16.635567Z[0m [34mDEBUG[0m crossfade pixel samples [3mprev_pixel[0m[2m=[0m[0.0, 0.0, 0.0, 0.5682515] [3mcurr_pixel[0m[2m=[0m[0.43174854, 0.43174854, 0.43174854, 0.43174854] [3mblended_pixel[0m[2m=[0m[0.43174854, 0.43174854, 0.43174854, 1.0]
[2m2025-10-04T05:05:16.652192Z[0m [34mDEBUG[0m crossfade weights [3mprev_mix[0m[2m=[0m0.5516088604927063 [3mcurr_mix[0m[2m=[0m0.4483911395072937 [3mprogress[0m[2m=[0m0.4483911395072937
[2m2025-10-04T05:05:16.652219Z[0m [34mDEBUG[0m crossfade pixel samples [3mprev_pixel[0m[2m=[0m[0.0, 0.0, 0.0, 0.55160886] [3mcurr_pixel[0m[2m=[0m[0.44839114, 0.44839114, 0.44839114, 0.44839114] [3mblended_pixel[0m[2m=[0m[0.44839114, 0.44839114, 0.44839114, 1.0]
[2m2025-10-04T05:05:16.668855Z[0m [34mDEBUG[0m crossfade weights [3mprev_mix[0m[2m=[0m0.5349375009536743 [3mcurr_mix[0m[2m=[0m0.4650624692440033 [3mprogress[0m[2m=[0m0.4650624692440033
[2m2025-10-04T05:05:16.668880Z[0m [34mDEBUG[0m crossfade pixel samples [3mprev_pixel[0m[2m=[0m[0.0, 0.0, 0.0, 0.5349375] [3mcurr_pixel[0m[2m=[0m[0.46506247, 0.46506247, 0.46506247, 0.46506247] [3mblended_pixel[0m[2m=[0m[0.46506247, 0.46506247, 0.46506247, 1.0]
[2m2025-10-04T05:05:16.685530Z[0m [34mDEBUG[0m crossfade weights [3mprev_mix[0m[2m=[0m0.5182621479034424 [3mcurr_mix[0m[2m=[0m0.48173782229423523 [3mprogress[0m[2m=[0m0.48173782229423523
[2m2025-10-04T05:05:16.685555Z[0m [34mDEBUG[0m crossfade pixel samples [3mprev_pixel[0m[2m=[0m[0.0, 0.0, 0.0, 0.51826215] [3mcurr_pixel[0m[2m=[0m[0.48173782, 0.48173782, 0.48173782, 0.48173782] [3mblended_pixel[0m[2m=[0m[0.48173782, 0.48173782, 0.48173782, 1.0]
[2m2025-10-04T05:05:16.702210Z[0m [34mDEBUG[0m crossfade weights [3mprev_mix[0m[2m=[0m0.5015909075737 [3mcurr_mix[0m[2m=[0m0.49840909242630005 [3mprogress[0m[2m=[0m0.49840909242630005
[2m2025-10-04T05:05:16.702237Z[0m [34mDEBUG[0m crossfade pixel samples [3mprev_pixel[0m[2m=[0m[0.0, 0.0, 0.0, 0.5015909] [3mcurr_pixel[0m[2m=[0m[0.4984091, 0.4984091, 0.4984091, 0.4984091] [3mblended_pixel[0m[2m=[0m[0.4984091, 0.4984091, 0.4984091, 1.0]
[2m2025-10-04T05:05:16.718852Z[0m [34mDEBUG[0m crossfade weights [3mprev_mix[0m[2m=[0m0.48494064807891846 [3mcurr_mix[0m[2m=[0m0.5150593519210815 [3mprogress[0m[2m=[0m0.5150593519210815
[2m2025-10-04T05:05:16.718877Z[0m [34mDEBUG[0m crossfade pixel samples [3mprev_pixel[0m[2m=[0m[0.0, 0.0, 0.0, 0.48494065] [3mcurr_pixel[0m[2m=[0m[0.51505935, 0.51505935, 0.51505935, 0.51505935] [3mblended_pixel[0m[2m=[0m[0.51505935, 0.51505935, 0.51505935, 1.0]
[2m2025-10-04T05:05:16.735548Z[0m [34mDEBUG[0m crossfade weights [3mprev_mix[0m[2m=[0m0.4682464003562927 [3mcurr_mix[0m[2m=[0m0.5317535996437073 [3mprogress[0m[2m=[0m0.5317535996437073
[2m2025-10-04T05:05:16.735578Z[0m [34mDEBUG[0m crossfade pixel samples [3mprev_pixel[0m[2m=[0m[0.0, 0.0, 0.0, 0.4682464] [3mcurr_pixel[0m[2m=[0m[0.5317536, 0.5317536, 0.5317536, 0.5317536] [3mblended_pixel[0m[2m=[0m[0.5317536, 0.5317536, 0.5317536, 1.0]
[2m2025-10-04T05:05:16.752219Z[0m [34mDEBUG[0m crossfade weights [3mprev_mix[0m[2m=[0m0.45158469676971436 [3mcurr_mix[0m[2m=[0m0.5484153032302856 [3mprogress[0m[2m=[0m0.5484153032302856
[2m2025-10-04T05:05:16.752246Z[0m [34mDEBUG[0m crossfade pixel samples [3mprev_pixel[0m[2m=[0m[0.0, 0.0, 0.0, 0.4515847] [3mcurr_pixel[0m[2m=[0m[0.5484153, 0.5484153, 0.5484153, 0.5484153] [3mblended_pixel[0m[2m=[0m[0.5484153, 0.5484153, 0.5484153, 1.0]
[2m2025-10-04T05:05:16.768866Z[0m [34mDEBUG[0m crossfade weights [3mprev_mix[0m[2m=[0m0.43492746353149414 [3mcurr_mix[0m[2m=[0m0.5650725364685059 [3mprogress[0m[2m=[0m0.5650725364685059
[2m2025-10-04T05:05:16.768898Z[0m [34mDEBUG[0m crossfade pixel samples [3mprev_pixel[0m[2m=[0m[0.0, 0.0, 0.0, 0.43492746] [3mcurr_pixel[0m[2m=[0m[0.56507254, 0.56507254, 0.56507254, 0.56507254] [3mblended_pixel[0m[2m=[0m[0.56507254, 0.56507254, 0.56507254, 1.0]
[2m2025-10-04T05:05:16.785942Z[0m [34mDEBUG[0m crossfade weights [3mprev_mix[0m[2m=[0m0.4179062247276306 [3mcurr_mix[0m[2m=[0m0.5820937752723694 [3mprogress[0m[2m=[0m0.5820937752723694
[2m2025-10-04T05:05:16.785985Z[0m [34mDEBUG[0m crossfade pixel samples [3mprev_pixel[0m[2m=[0m[0.0, 0.0, 0.0, 0.41790622] [3mcurr_pixel[0m[2m=[0m[0.5820938, 0.5820938, 0.5820938, 0.5820938] [3mblended_pixel[0m[2m=[0m[0.5820938, 0.5820938, 0.5820938, 1.0]
[2m2025-10-04T05:05:16.802231Z[0m [34mDEBUG[0m crossfade weights [3mprev_mix[0m[2m=[0m0.4015743136405945 [3mcurr_mix[0m[2m=[0m0.5984256863594055 [3mprogress[0m[2m=[0m0.5984256863594055
[2m2025-10-04T05:05:16.802258Z[0m [34mDEBUG[0m crossfade pixel samples [3mprev_pixel[0m[2m=[0m[0.0, 0.0, 0.0, 0.4015743] [3mcurr_pixel[0m[2m=[0m[0.5984257, 0.5984257, 0.5984257, 0.5984257] [3mblended_pixel[0m[2m=[0m[0.5984257, 0.5984257, 0.5984257, 1.0]
[2m2025-10-04T05:05:16.818853Z[0m [34mDEBUG[0m crossfade weights [3mprev_mix[0m[2m=[0m0.3849390745162964 [3mcurr_mix[0m[2m=[0m0.6150609254837036 [3mprogress[0m[2m=[0m0.6150609254837036
[2m2025-10-04T05:05:16.818879Z[0m [34mDEBUG[0m crossfade pixel samples [3mprev_pixel[0m[2m=[0m[0.0, 0.0, 0.0, 0.38493907] [3mcurr_pixel[0m[2m=[0m[0.6150609, 0.6150609, 0.6150609, 0.6150609] [3mblended_pixel[0m[2m=[0m[0.6150609, 0.6150609, 0.6150609, 1.0]
[2m2025-10-04T05:05:16.835562Z[0m [34mDEBUG[0m crossfade weights [3mprev_mix[0m[2m=[0m0.3682370185852051 [3mcurr_mix[0m[2m=[0m0.6317629814147949 [3mprogress[0m[2m=[0m0.6317629814147949
[2m2025-10-04T05:05:16.835589Z[0m [34mDEBUG[0m crossfade pixel samples [3mprev_pixel[0m[2m=[0m[0.0, 0.0, 0.0, 0.36823702] [3mcurr_pixel[0m[2m=[0m[0.631763, 0.631763, 0.631763, 0.631763] [3mblended_pixel[0m[2m=[0m[0.631763, 0.631763, 0.631763, 1.0]
[2m2025-10-04T05:05:16.852248Z[0m [34mDEBUG[0m crossfade weights [3mprev_mix[0m[2m=[0m0.3515573740005493 [3mcurr_mix[0m[2m=[0m0.6484426259994507 [3mprogress[0m[2m=[0m0.6484426259994507
[2m2025-10-04T05:05:16.852274Z[0m [34mDEBUG[0m crossfade pixel samples [3mprev_pixel[0m[2m=[0m[0.0, 0.0, 0.0, 0.35155737] [3mcurr_pixel[0m[2m=[0m[0.6484426, 0.6484426, 0.6484426, 0.6484426] [3mblended_pixel[0m[2m=[0m[0.6484426, 0.6484426, 0.6484426, 1.0]
[2m2025-10-04T05:05:16.868898Z[0m [34mDEBUG[0m crossfade weights [3mprev_mix[0m[2m=[0m0.33489543199539185 [3mcurr_mix[0m[2m=[0m0.6651045680046082 [3mprogress[0m[2m=[0m0.6651045680046082
[2m2025-10-04T05:05:16.868924Z[0m [34mDEBUG[0m crossfade pixel samples [3mprev_pixel[0m[2m=[0m[0.0, 0.0, 0.0, 0.33489543] [3mcurr_pixel[0m[2m=[0m[0.66510457, 0.66510457, 0.66510457, 0.66510457] [3mblended_pixel[0m[2m=[0m[0.66510457, 0.66510457, 0.66510457, 1.0]
[2m2025-10-04T05:05:16.885567Z[0m [34mDEBUG[0m crossfade weights [3mprev_mix[0m[2m=[0m0.31822431087493896 [3mcurr_mix[0m[2m=[0m0.681775689125061 [3mprogress[0m[2m=[0m0.681775689125061
[2m2025-10-04T05:05:16.885592Z[0m [34mDEBUG[0m crossfade pixel samples [3mprev_pixel[0m[2m=[0m[0.0, 0.0, 0.0, 0.3182243] [3mcurr_pixel[0m[2m=[0m[0.6817757, 0.6817757, 0.6817757, 0.6817757] [3mblended_pixel[0m[2m=[0m[0.6817757, 0.6817757, 0.6817757, 1.0]
[2m2025-10-04T05:05:16.902340Z[0m [34mDEBUG[0m crossfade weights [3mprev_mix[0m[2m=[0m0.3014771342277527 [3mcurr_mix[0m[2m=[0m0.6985228657722473 [3mprogress[0m[2m=[0m0.6985228657722473
[2m2025-10-04T05:05:16.902379Z[0m [34mDEBUG[0m crossfade pixel samples [3mprev_pixel[0m[2m=[0m[0.0, 0.0, 0.0, 0.30147713] [3mcurr_pixel[0m[2m=[0m[0.69852287, 0.69852287, 0.69852287, 0.69852287] [3mblended_pixel[0m[2m=[0m[0.69852287, 0.69852287, 0.69852287, 1.0]
[2m2025-10-04T05:05:16.918921Z[0m [34mDEBUG[0m crossfade weights [3mprev_mix[0m[2m=[0m0.2848759889602661 [3mcurr_mix[0m[2m=[0m0.7151240110397339 [3mprogress[0m[2m=[0m0.7151240110397339
[2m2025-10-04T05:05:16.918949Z[0m [34mDEBUG[0m crossfade pixel samples [3mprev_pixel[0m[2m=[0m[0.0, 0.0, 0.0, 0.284876] [3mcurr_pixel[0m[2m=[0m[0.715124, 0.715124, 0.715124, 0.715124] [3mblended_pixel[0m[2m=[0m[0.715124, 0.715124, 0.715124, 1.0]
[2m2025-10-04T05:05:16.935592Z[0m [34mDEBUG[0m crossfade weights [3mprev_mix[0m[2m=[0m0.2682023048400879 [3mcurr_mix[0m[2m=[0m0.7317976951599121 [3mprogress[0m[2m=[0m0.7317976951599121
[2m2025-10-04T05:05:16.935619Z[0m [34mDEBUG[0m crossfade pixel samples [3mprev_pixel[0m[2m=[0m[0.0, 0.0, 0.0, 0.2682023] [3mcurr_pixel[0m[2m=[0m[0.7317977, 0.7317977, 0.7317977, 0.7317977] [3mblended_pixel[0m[2m=[0m[0.7317977, 0.7317977, 0.7317977, 1.0]
[2m2025-10-04T05:05:16.952265Z[0m [34mDEBUG[0m crossfade weights [3mprev_mix[0m[2m=[0m0.2515413165092468 [3mcurr_mix[0m[2m=[0m0.7484586834907532 [3mprogress[0m[2m=[0m0.7484586834907532
[2m2025-10-04T05:05:16.952291Z[0m [34mDEBUG[0m crossfade pixel samples [3mprev_pixel[0m[2m=[0m[0.0, 0.0, 0.0, 0.25154132] [3mcurr_pixel[0m[2m=[0m[0.7484587, 0.7484587, 0.7484587, 0.7484587] [3mblended_pixel[0m[2m=[0m[0.7484587, 0.7484587, 0.7484587, 1.0]
[2m2025-10-04T05:05:16.968899Z[0m [34mDEBUG[0m crossfade weights [3mprev_mix[0m[2m=[0m0.2348942756652832 [3mcurr_mix[0m[2m=[0m0.7651057243347168 [3mprogress[0m[2m=[0m0.7651057243347168
[2m2025-10-04T05:05:16.968924Z[0m [34mDEBUG[0m crossfade pixel samples [3mprev_pixel[0m[2m=[0m[0.0, 0.0, 0.0, 0.23489428] [3mcurr_pixel[0m[2m=[0m[0.7651057, 0.7651057, 0.7651057, 0.7651057] [3mblended_pixel[0m[2m=[0m[0.7651057, 0.7651057, 0.7651057, 1.0]
[2m2025-10-04T05:05:16.985614Z[0m [34mDEBUG[0m crossfade weights [3mprev_mix[0m[2m=[0m0.21818256378173828 [3mcurr_mix[0m[2m=[0m0.7818174362182617 [3mprogress[0m[2m=[0m0.7818174362182617
[2m2025-10-04T05:05:16.985642Z[0m [34mDEBUG[0m crossfade pixel samples [3mprev_pixel[0m[2m=[0m[0.0, 0.0, 0.0, 0.21818256] [3mcurr_pixel[0m[2m=[0m[0.78181744, 0.78181744, 0.78181744, 0.78181744] [3mblended_pixel[0m[2m=[0m[0.78181744, 0.78181744, 0.78181744, 1.0]
[2m2025-10-04T05:05:17.002245Z[0m [34mDEBUG[0m crossfade weights [3mprev_mix[0m[2m=[0m0.2015606164932251 [3mcurr_mix[0m[2m=[0m0.7984393835067749 [3mprogress[0m[2m=[0m0.7984393835067749
[2m2025-10-04T05:05:17.002271Z[0m [34mDEBUG[0m crossfade pixel samples [3mprev_pixel[0m[2m=[0m[0.0, 0.0, 0.0, 0.20156062] [3mcurr_pixel[0m[2m=[0m[0.7984394, 0.7984394, 0.7984394, 0.7984394] [3mblended_pixel[0m[2m=[0m[0.7984394, 0.7984394, 0.7984394, 1.0]
[2m2025-10-04T05:05:17.018897Z[0m [34mDEBUG[0m crossfade weights [3mprev_mix[0m[2m=[0m0.18489611148834229 [3mcurr_mix[0m[2m=[0m0.8151038885116577 [3mprogress[0m[2m=[0m0.8151038885116577
[2m2025-10-04T05:05:17.018923Z[0m [34mDEBUG[0m crossfade pixel samples [3mprev_pixel[0m[2m=[0m[0.0, 0.0, 0.0, 0.18489611] [3mcurr_pixel[0m[2m=[0m[0.8151039, 0.8151039, 0.8151039, 0.8151039] [3mblended_pixel[0m[2m=[0m[0.8151039, 0.8151039, 0.8151039, 1.0]
[2m2025-10-04T05:05:17.035579Z[0m [34mDEBUG[0m crossfade weights [3mprev_mix[0m[2m=[0m0.1682133674621582 [3mcurr_mix[0m[2m=[0m0.8317866325378418 [3mprogress[0m[2m=[0m0.8317866325378418
[2m2025-10-04T05:05:17.035605Z[0m [34mDEBUG[0m crossfade pixel samples [3mprev_pixel[0m[2m=[0m[0.0, 0.0, 0.0, 0.16821337] [3mcurr_pixel[0m[2m=[0m[0.83178663, 0.83178663, 0.83178663, 0.83178663] [3mblended_pixel[0m[2m=[0m[0.83178663, 0.83178663, 0.83178663, 1.0]
[2m2025-10-04T05:05:17.052251Z[0m [34mDEBUG[0m crossfade weights [3mprev_mix[0m[2m=[0m0.15155291557312012 [3mcurr_mix[0m[2m=[0m0.8484470844268799 [3mprogress[0m[2m=[0m0.8484470844268799
[2m2025-10-04T05:05:17.052284Z[0m [34mDEBUG[0m crossfade pixel samples [3mprev_pixel[0m[2m=[0m[0.0, 0.0, 0.0, 0.15155292] [3mcurr_pixel[0m[2m=[0m[0.8484471, 0.8484471, 0.8484471, 0.8484471] [3mblended_pixel[0m[2m=[0m[0.8484471, 0.8484471, 0.8484471, 1.0]
[2m2025-10-04T05:05:17.068895Z[0m [34mDEBUG[0m crossfade weights [3mprev_mix[0m[2m=[0m0.13489890098571777 [3mcurr_mix[0m[2m=[0m0.8651010990142822 [3mprogress[0m[2m=[0m0.8651010990142822
[2m2025-10-04T05:05:17.068920Z[0m [34mDEBUG[0m crossfade pixel samples [3mprev_pixel[0m[2m=[0m[0.0, 0.0, 0.0, 0.1348989] [3mcurr_pixel[0m[2m=[0m[0.8651011, 0.8651011, 0.8651011, 0.8651011] [3mblended_pixel[0m[2m=[0m[0.8651011, 0.8651011, 0.8651011, 1.0]
[2m2025-10-04T05:05:17.085570Z[0m [34mDEBUG[0m crossfade weights [3mprev_mix[0m[2m=[0m0.11822372674942017 [3mcurr_mix[0m[2m=[0m0.8817762732505798 [3mprogress[0m[2m=[0m0.8817762732505798
[2m2025-10-04T05:05:17.085595Z[0m [34mDEBUG[0m crossfade pixel samples [3mprev_pixel[0m[2m=[0m[0.0, 0.0, 0.0, 0.11822373] [3mcurr_pixel[0m[2m=[0m[0.8817763, 0.8817763, 0.8817763, 0.8817763] [3mblended_pixel[0m[2m=[0m[0.8817763, 0.8817763, 0.8817763, 1.0]
[2m2025-10-04T05:05:17.102240Z[0m [34mDEBUG[0m crossfade weights [3mprev_mix[0m[2m=[0m0.10156488418579102 [3mcurr_mix[0m[2m=[0m0.898435115814209 [3mprogress[0m[2m=[0m0.898435115814209
[2m2025-10-04T05:05:17.102265Z[0m [34mDEBUG[0m crossfade pixel samples [3mprev_pixel[0m[2m=[0m[0.0, 0.0, 0.0, 0.101564884] [3mcurr_pixel[0m[2m=[0m[0.8984351, 0.8984351, 0.8984351, 0.8984351] [3mblended_pixel[0m[2m=[0m[0.8984351, 0.8984351, 0.8984351, 1.0]
[2m2025-10-04T05:05:17.118894Z[0m [34mDEBUG[0m crossfade weights [3mprev_mix[0m[2m=[0m0.08489906787872314 [3mcurr_mix[0m[2m=[0m0.9151009321212769 [3mprogress[0m[2m=[0m0.9151009321212769
[2m2025-10-04T05:05:17.118919Z[0m [34mDEBUG[0m crossfade pixel samples [3mprev_pixel[0m[2m=[0m[0.0, 0.0, 0.0, 0.08489907] [3mcurr_pixel[0m[2m=[0m[0.91510093, 0.91510093, 0.91510093, 0.91510093] [3mblended_pixel[0m[2m=[0m[0.91510093, 0.91510093, 0.91510093, 1.0]
[2m2025-10-04T05:05:17.135578Z[0m [34mDEBUG[0m crossfade weights [3mprev_mix[0m[2m=[0m0.0682145357131958 [3mcurr_mix[0m[2m=[0m0.9317854642868042 [3mprogress[0m[2m=[0m0.9317854642868042
[2m2025-10-04T05:05:17.135604Z[0m [34mDEBUG[0m crossfade pixel samples [3mprev_pixel[0m[2m=[0m[0.0, 0.0, 0.0, 0.068214536] [3mcurr_pixel[0m[2m=[0m[0.93178546, 0.93178546, 0.93178546, 0.93178546] [3mblended_pixel[0m[2m=[0m[0.93178546, 0.93178546, 0.93178546, 1.0]
[2m2025-10-04T05:05:17.152313Z[0m [34mDEBUG[0m crossfade weights [3mprev_mix[0m[2m=[0m0.05149722099304199 [3mcurr_mix[0m[2m=[0m0.948502779006958 [3mprogress[0m[2m=[0m0.948502779006958
[2m2025-10-04T05:05:17.152345Z[0m [34mDEBUG[0m crossfade pixel samples [3mprev_pixel[0m[2m=[0m[0.0, 0.0, 0.0, 0.05149722] [3mcurr_pixel[0m[2m=[0m[0.9485028, 0.9485028, 0.9485028, 0.9485028] [3mblended_pixel[0m[2m=[0m[0.9485028, 0.9485028, 0.9485028, 1.0]
[2m2025-10-04T05:05:17.168935Z[0m [34mDEBUG[0m crossfade weights [3mprev_mix[0m[2m=[0m0.03486180305480957 [3mcurr_mix[0m[2m=[0m0.9651381969451904 [3mprogress[0m[2m=[0m0.9651381969451904
[2m2025-10-04T05:05:17.168963Z[0m [34mDEBUG[0m crossfade pixel samples [3mprev_pixel[0m[2m=[0m[0.0, 0.0, 0.0, 0.034861803] [3mcurr_pixel[0m[2m=[0m[0.9651382, 0.9651382, 0.9651382, 0.9651382] [3mblended_pixel[0m[2m=[0m[0.9651382, 0.9651382, 0.9651382, 1.0]
[2m2025-10-04T05:05:17.185590Z[0m [34mDEBUG[0m crossfade weights [3mprev_mix[0m[2m=[0m0.01820427179336548 [3mcurr_mix[0m[2m=[0m0.9817957282066345 [3mprogress[0m[2m=[0m0.9817957282066345
[2m2025-10-04T05:05:17.185617Z[0m [34mDEBUG[0m crossfade pixel samples [3mprev_pixel[0m[2m=[0m[0.0, 0.0, 0.0, 0.018204272] [3mcurr_pixel[0m[2m=[0m[0.9817957, 0.9817957, 0.9817957, 0.9817957] [3mblended_pixel[0m[2m=[0m[0.9817957, 0.9817957, 0.9817957, 1.0]
[2m2025-10-04T05:05:17.202164Z[0m [34mDEBUG[0m updated shader uniforms [3mi_time[0m[2m=[0m0.9148066639900208 [3mi_frame[0m[2m=[0m56 [3mi_mouse[0m[2m=[0m[453.79297, 651.125, 0.0, 0.0] [3mwidth[0m[2m=[0m1565 [3mheight[0m[2m=[0m1020
[2m2025-10-04T05:05:17.202276Z[0m [34mDEBUG[0m crossfade weights [3mprev_mix[0m[2m=[0m0.0015644431114196777 [3mcurr_mix[0m[2m=[0m0.9984355568885803 [3mprogress[0m[2m=[0m0.9984355568885803
[2m2025-10-04T05:05:17.202298Z[0m [34mDEBUG[0m crossfade pixel samples [3mprev_pixel[0m[2m=[0m[0.0, 0.0, 0.0, 0.0015644431] [3mcurr_pixel[0m[2m=[0m[0.99843556, 0.99843556, 0.99843556, 0.99843556] [3mblended_pixel[0m[2m=[0m[0.99843556, 0.99843556, 0.99843556, 1.0]
[2m2025-10-04T05:05:18.202279Z[0m [34mDEBUG[0m updated shader uniforms [3mi_time[0m[2m=[0m1.914914846420288 [3mi_frame[0m[2m=[0m116 [3mi_mouse[0m[2m=[0m[453.79297, 651.125, 0.0, 0.0] [3mwidth[0m[2m=[0m1565 [3mheight[0m[2m=[0m1020
[2m2025-10-04T05:05:19.202421Z[0m [34mDEBUG[0m updated shader uniforms [3mi_time[0m[2m=[0m2.9150471687316895 [3mi_frame[0m[2m=[0m176 [3mi_mouse[0m[2m=[0m[453.79297, 651.125, 0.0, 0.0] [3mwidth[0m[2m=[0m1565 [3mheight[0m[2m=[0m1020
[2m2025-10-04T05:05:20.218811Z[0m [34mDEBUG[0m updated shader uniforms [3mi_time[0m[2m=[0m3.9314470291137695 [3mi_frame[0m[2m=[0m237 [3mi_mouse[0m[2m=[0m[453.79297, 651.125, 0.0, 0.0] [3mwidth[0m[2m=[0m1565 [3mheight[0m[2m=[0m1020
[2m2025-10-04T05:05:21.235489Z[0m [34mDEBUG[0m updated shader uniforms [3mi_time[0m[2m=[0m4.94812536239624 [3mi_frame[0m[2m=[0m298 [3mi_mouse[0m[2m=[0m[453.79297, 651.125, 0.0, 0.0] [3mwidth[0m[2m=[0m1565 [3mheight[0m[2m=[0m1020
[2m2025-10-04T05:05:21.329584Z[0m [34mDEBUG[0m swapping shader pipeline [3mshader[0m[2m=[0m/home/nic/repos/LambdaShader/local-shaders/black/image.glsl [3mcrossfade_ms[0m[2m=[0m1000 [3mwarmup_ms[0m[2m=[0m0
[2m2025-10-04T05:05:21.329775Z[0m [34mDEBUG[0m crossfade weights [3mprev_mix[0m[2m=[0m0.9224786162376404 [3mcurr_mix[0m[2m=[0m0.07752136886119843 [3mprogress[0m[2m=[0m0.07752136886119843
[2m2025-10-04T05:05:21.329800Z[0m [34mDEBUG[0m crossfade pixel samples [3mprev_pixel[0m[2m=[0m[0.9224786, 0.9224786, 0.9224786, 0.9224786] [3mcurr_pixel[0m[2m=[0m[0.0, 0.0, 0.0, 0.07752137] [3mblended_pixel[0m[2m=[0m[0.9224786, 0.9224786, 0.9224786, 1.0]
[2m2025-10-04T05:05:21.331064Z[0m [34mDEBUG[0m crossfade weights [3mprev_mix[0m[2m=[0m0.9216418266296387 [3mcurr_mix[0m[2m=[0m0.07835820317268372 [3mprogress[0m[2m=[0m0.07835820317268372
[2m2025-10-04T05:05:21.331089Z[0m [34mDEBUG[0m crossfade pixel samples [3mprev_pixel[0m[2m=[0m[0.9216418, 0.9216418, 0.9216418, 0.9216418] [3mcurr_pixel[0m[2m=[0m[0.0, 0.0, 0.0, 0.0783582] [3mblended_pixel[0m[2m=[0m[0.9216418, 0.9216418, 0.9216418, 1.0]
[2m2025-10-04T05:05:21.335812Z[0m [34mDEBUG[0m crossfade weights [3mprev_mix[0m[2m=[0m0.9164273142814636 [3mcurr_mix[0m[2m=[0m0.08357267081737518 [3mprogress[0m[2m=[0m0.08357267081737518
[2m2025-10-04T05:05:21.335843Z[0m [34mDEBUG[0m crossfade pixel samples [3mprev_pixel[0m[2m=[0m[0.9164273, 0.9164273, 0.9164273, 0.9164273] [3mcurr_pixel[0m[2m=[0m[0.0, 0.0, 0.0, 0.08357267] [3mblended_pixel[0m[2m=[0m[0.9164273, 0.9164273, 0.9164273, 1.0]
[2m2025-10-04T05:05:21.352285Z[0m [34mDEBUG[0m crossfade weights [3mprev_mix[0m[2m=[0m0.8999694585800171 [3mcurr_mix[0m[2m=[0m0.10003054887056351 [3mprogress[0m[2m=[0m0.10003054887056351
[2m2025-10-04T05:05:21.352313Z[0m [34mDEBUG[0m crossfade pixel samples [3mprev_pixel[0m[2m=[0m[0.89996946, 0.89996946, 0.89996946, 0.89996946] [3mcurr_pixel[0m[2m=[0m[0.0, 0.0, 0.0, 0.10003055] [3mblended_pixel[0m[2m=[0m[0.89996946, 0.89996946, 0.89996946, 1.0]
[2m2025-10-04T05:05:21.368903Z[0m [34mDEBUG[0m crossfade weights [3mprev_mix[0m[2m=[0m0.8833165764808655 [3mcurr_mix[0m[2m=[0m0.11668340116739273 [3mprogress[0m[2m=[0m0.11668340116739273
[2m2025-10-04T05:05:21.368937Z[0m [34mDEBUG[0m crossfade pixel samples [3mprev_pixel[0m[2m=[0m[0.8833166, 0.8833166, 0.8833166, 0.8833166] [3mcurr_pixel[0m[2m=[0m[0.0, 0.0, 0.0, 0.1166834] [3mblended_pixel[0m[2m=[0m[0.8833166, 0.8833166, 0.8833166, 1.0]
[2m2025-10-04T05:05:21.385643Z[0m [34mDEBUG[0m crossfade weights [3mprev_mix[0m[2m=[0m0.8665903806686401 [3mcurr_mix[0m[2m=[0m0.13340958952903748 [3mprogress[0m[2m=[0m0.13340958952903748
[2m2025-10-04T05:05:21.385670Z[0m [34mDEBUG[0m crossfade pixel samples [3mprev_pixel[0m[2m=[0m[0.8665904, 0.8665904, 0.8665904, 0.8665904] [3mcurr_pixel[0m[2m=[0m[0.0, 0.0, 0.0, 0.13340959] [3mblended_pixel[0m[2m=[0m[0.8665904, 0.8665904, 0.8665904, 1.0]
[2m2025-10-04T05:05:21.402260Z[0m [34mDEBUG[0m crossfade weights [3mprev_mix[0m[2m=[0m0.8499915599822998 [3mcurr_mix[0m[2m=[0m0.15000846982002258 [3mprogress[0m[2m=[0m0.15000846982002258
[2m2025-10-04T05:05:21.402287Z[0m [34mDEBUG[0m crossfade pixel samples [3mprev_pixel[0m[2m=[0m[0.84999156, 0.84999156, 0.84999156, 0.84999156] [3mcurr_pixel[0m[2m=[0m[0.0, 0.0, 0.0, 0.15000847] [3mblended_pixel[0m[2m=[0m[0.84999156, 0.84999156, 0.84999156, 1.0]
[2m2025-10-04T05:05:21.418922Z[0m [34mDEBUG[0m crossfade weights [3mprev_mix[0m[2m=[0m0.8333109617233276 [3mcurr_mix[0m[2m=[0m0.16668906807899475 [3mprogress[0m[2m=[0m0.16668906807899475
[2m2025-10-04T05:05:21.418949Z[0m [34mDEBUG[0m crossfade pixel samples [3mprev_pixel[0m[2m=[0m[0.83331096, 0.83331096, 0.83331096, 0.83331096] [3mcurr_pixel[0m[2m=[0m[0.0, 0.0, 0.0, 0.16668907] [3mblended_pixel[0m[2m=[0m[0.83331096, 0.83331096, 0.83331096, 1.0]
[2m2025-10-04T05:05:21.435606Z[0m [34mDEBUG[0m crossfade weights [3mprev_mix[0m[2m=[0m0.8166303038597107 [3mcurr_mix[0m[2m=[0m0.1833696812391281 [3mprogress[0m[2m=[0m0.1833696812391281
[2m2025-10-04T05:05:21.435633Z[0m [34mDEBUG[0m crossfade pixel samples [3mprev_pixel[0m[2m=[0m[0.8166303, 0.8166303, 0.8166303, 0.8166303] [3mcurr_pixel[0m[2m=[0m[0.0, 0.0, 0.0, 0.18336968] [3mblended_pixel[0m[2m=[0m[0.8166303, 0.8166303, 0.8166303, 1.0]
[2m2025-10-04T05:05:21.452279Z[0m [34mDEBUG[0m crossfade weights [3mprev_mix[0m[2m=[0m0.7999765276908875 [3mcurr_mix[0m[2m=[0m0.20002348721027374 [3mprogress[0m[2m=[0m0.20002348721027374
[2m2025-10-04T05:05:21.452306Z[0m [34mDEBUG[0m crossfade pixel samples [3mprev_pixel[0m[2m=[0m[0.7999765, 0.7999765, 0.7999765, 0.7999765] [3mcurr_pixel[0m[2m=[0m[0.0, 0.0, 0.0, 0.20002349] [3mblended_pixel[0m[2m=[0m[0.7999765, 0.7999765, 0.7999765, 1.0]
[2m2025-10-04T05:05:21.468893Z[0m [34mDEBUG[0m crossfade weights [3mprev_mix[0m[2m=[0m0.7833250761032104 [3mcurr_mix[0m[2m=[0m0.21667489409446716 [3mprogress[0m[2m=[0m0.21667489409446716
[2m2025-10-04T05:05:21.468919Z[0m [34mDEBUG[0m crossfade pixel samples [3mprev_pixel[0m[2m=[0m[0.7833251, 0.7833251, 0.7833251, 0.7833251] [3mcurr_pixel[0m[2m=[0m[0.0, 0.0, 0.0, 0.2166749] [3mblended_pixel[0m[2m=[0m[0.7833251, 0.7833251, 0.7833251, 1.0]
[2m2025-10-04T05:05:21.485613Z[0m [34mDEBUG[0m crossfade weights [3mprev_mix[0m[2m=[0m0.7666078805923462 [3mcurr_mix[0m[2m=[0m0.23339208960533142 [3mprogress[0m[2m=[0m0.23339208960533142
[2m2025-10-04T05:05:21.485643Z[0m [34mDEBUG[0m crossfade pixel samples [3mprev_pixel[0m[2m=[0m[0.7666079, 0.7666079, 0.7666079, 0.7666079] [3mcurr_pixel[0m[2m=[0m[0.0, 0.0, 0.0, 0.23339209] [3mblended_pixel[0m[2m=[0m[0.7666079, 0.7666079, 0.7666079, 1.0]
[2m2025-10-04T05:05:21.502217Z[0m [34mDEBUG[0m crossfade weights [3mprev_mix[0m[2m=[0m0.7500106692314148 [3mcurr_mix[0m[2m=[0m0.2499893456697464 [3mprogress[0m[2m=[0m0.2499893456697464
[2m2025-10-04T05:05:21.502244Z[0m [34mDEBUG[0m crossfade pixel samples [3mprev_pixel[0m[2m=[0m[0.75001067, 0.75001067, 0.75001067, 0.75001067] [3mcurr_pixel[0m[2m=[0m[0.0, 0.0, 0.0, 0.24998935] [3mblended_pixel[0m[2m=[0m[0.75001067, 0.75001067, 0.75001067, 1.0]
[2m2025-10-04T05:05:21.518913Z[0m [34mDEBUG[0m crossfade weights [3mprev_mix[0m[2m=[0m0.7333134412765503 [3mcurr_mix[0m[2m=[0m0.2666865289211273 [3mprogress[0m[2m=[0m0.2666865289211273
[2m2025-10-04T05:05:21.518947Z[0m [34mDEBUG[0m crossfade pixel samples [3mprev_pixel[0m[2m=[0m[0.73331344, 0.73331344, 0.73331344, 0.73331344] [3mcurr_pixel[0m[2m=[0m[0.0, 0.0, 0.0, 0.26668653] [3mblended_pixel[0m[2m=[0m[0.73331344, 0.73331344, 0.73331344, 1.0]
[2m2025-10-04T05:05:21.535569Z[0m [34mDEBUG[0m crossfade weights [3mprev_mix[0m[2m=[0m0.7166503667831421 [3mcurr_mix[0m[2m=[0m0.2833496332168579 [3mprogress[0m[2m=[0m0.2833496332168579
[2m2025-10-04T05:05:21.535595Z[0m [34mDEBUG[0m crossfade pixel samples [3mprev_pixel[0m[2m=[0m[0.71665037, 0.71665037, 0.71665037, 0.71665037] [3mcurr_pixel[0m[2m=[0m[0.0, 0.0, 0.0, 0.28334963] [3mblended_pixel[0m[2m=[0m[0.71665037, 0.71665037, 0.71665037, 1.0]
[2m2025-10-04T05:05:21.552259Z[0m [34mDEBUG[0m crossfade weights [3mprev_mix[0m[2m=[0m0.6999739408493042 [3mcurr_mix[0m[2m=[0m0.3000260591506958 [3mprogress[0m[2m=[0m0.3000260591506958
[2m2025-10-04T05:05:21.552287Z[0m [34mDEBUG[0m crossfade pixel samples [3mprev_pixel[0m[2m=[0m[0.69997394, 0.69997394, 0.69997394, 0.69997394] [3mcurr_pixel[0m[2m=[0m[0.0, 0.0, 0.0, 0.30002606] [3mblended_pixel[0m[2m=[0m[0.69997394, 0.69997394, 0.69997394, 1.0]
[2m2025-10-04T05:05:21.568901Z[0m [34mDEBUG[0m crossfade weights [3mprev_mix[0m[2m=[0m0.6833184957504272 [3mcurr_mix[0m[2m=[0m0.31668147444725037 [3mprogress[0m[2m=[0m0.31668147444725037
[2m2025-10-04T05:05:21.568928Z[0m [34mDEBUG[0m crossfade pixel samples [3mprev_pixel[0m[2m=[0m[0.6833185, 0.6833185, 0.6833185, 0.6833185] [3mcurr_pixel[0m[2m=[0m[0.0, 0.0, 0.0, 0.31668147] [3mblended_pixel[0m[2m=[0m[0.6833185, 0.6833185, 0.6833185, 1.0]
[2m2025-10-04T05:05:21.585628Z[0m [34mDEBUG[0m crossfade weights [3mprev_mix[0m[2m=[0m0.6666061878204346 [3mcurr_mix[0m[2m=[0m0.33339381217956543 [3mprogress[0m[2m=[0m0.33339381217956543
[2m2025-10-04T05:05:21.585657Z[0m [34mDEBUG[0m crossfade pixel samples [3mprev_pixel[0m[2m=[0m[0.6666062, 0.6666062, 0.6666062, 0.6666062] [3mcurr_pixel[0m[2m=[0m[0.0, 0.0, 0.0, 0.3333938] [3mblended_pixel[0m[2m=[0m[0.6666062, 0.6666062, 0.6666062, 1.0]
[2m2025-10-04T05:05:21.602338Z[0m [34mDEBUG[0m crossfade weights [3mprev_mix[0m[2m=[0m0.6499083042144775 [3mcurr_mix[0m[2m=[0m0.35009172558784485 [3mprogress[0m[2m=[0m0.35009172558784485
[2m2025-10-04T05:05:21.602369Z[0m [34mDEBUG[0m crossfade pixel samples [3mprev_pixel[0m[2m=[0m[0.6499083, 0.6499083, 0.6499083, 0.6499083] [3mcurr_pixel[0m[2m=[0m[0.0, 0.0, 0.0, 0.35009173] [3mblended_pixel[0m[2m=[0m[0.6499083, 0.6499083, 0.6499083, 1.0]
[2m2025-10-04T05:05:21.619161Z[0m [34mDEBUG[0m crossfade weights [3mprev_mix[0m[2m=[0m0.6331312656402588 [3mcurr_mix[0m[2m=[0m0.3668687641620636 [3mprogress[0m[2m=[0m0.3668687641620636
[2m2025-10-04T05:05:21.619239Z[0m [34mDEBUG[0m crossfade pixel samples [3mprev_pixel[0m[2m=[0m[0.63313127, 0.63313127, 0.63313127, 0.63313127] [3mcurr_pixel[0m[2m=[0m[0.0, 0.0, 0.0, 0.36686876] [3mblended_pixel[0m[2m=[0m[0.63313127, 0.63313127, 0.63313127, 1.0]
[2m2025-10-04T05:05:21.635972Z[0m [34mDEBUG[0m crossfade weights [3mprev_mix[0m[2m=[0m0.6163421869277954 [3mcurr_mix[0m[2m=[0m0.3836577832698822 [3mprogress[0m[2m=[0m0.3836577832698822
[2m2025-10-04T05:05:21.636027Z[0m [34mDEBUG[0m crossfade pixel samples [3mprev_pixel[0m[2m=[0m[0.6163422, 0.6163422, 0.6163422, 0.6163422] [3mcurr_pixel[0m[2m=[0m[0.0, 0.0, 0.0, 0.38365778] [3mblended_pixel[0m[2m=[0m[0.6163422, 0.6163422, 0.6163422, 1.0]
[2m2025-10-04T05:05:21.652701Z[0m [34mDEBUG[0m crossfade weights [3mprev_mix[0m[2m=[0m0.59962397813797 [3mcurr_mix[0m[2m=[0m0.40037602186203003 [3mprogress[0m[2m=[0m0.40037602186203003
[2m2025-10-04T05:05:21.652766Z[0m [34mDEBUG[0m crossfade pixel samples [3mprev_pixel[0m[2m=[0m[0.599624, 0.599624, 0.599624, 0.599624] [3mcurr_pixel[0m[2m=[0m[0.0, 0.0, 0.0, 0.40037602] [3mblended_pixel[0m[2m=[0m[0.599624, 0.599624, 0.599624, 1.0]
[2m2025-10-04T05:05:21.669349Z[0m [34mDEBUG[0m crossfade weights [3mprev_mix[0m[2m=[0m0.5829795598983765 [3mcurr_mix[0m[2m=[0m0.41702044010162354 [3mprogress[0m[2m=[0m0.41702044010162354
[2m2025-10-04T05:05:21.669404Z[0m [34mDEBUG[0m crossfade pixel samples [3mprev_pixel[0m[2m=[0m[0.58297956, 0.58297956, 0.58297956, 0.58297956] [3mcurr_pixel[0m[2m=[0m[0.0, 0.0, 0.0, 0.41702044] [3mblended_pixel[0m[2m=[0m[0.58297956, 0.58297956, 0.58297956, 1.0]
[2m2025-10-04T05:05:21.685941Z[0m [34mDEBUG[0m crossfade weights [3mprev_mix[0m[2m=[0m0.5663540363311768 [3mcurr_mix[0m[2m=[0m0.43364599347114563 [3mprogress[0m[2m=[0m0.43364599347114563
[2m2025-10-04T05:05:21.685987Z[0m [34mDEBUG[0m crossfade pixel samples [3mprev_pixel[0m[2m=[0m[0.56635404, 0.56635404, 0.56635404, 0.56635404] [3mcurr_pixel[0m[2m=[0m[0.0, 0.0, 0.0, 0.433646] [3mblended_pixel[0m[2m=[0m[0.56635404, 0.56635404, 0.56635404, 1.0]
[2m2025-10-04T05:05:21.702259Z[0m [34mDEBUG[0m crossfade weights [3mprev_mix[0m[2m=[0m0.5499751567840576 [3mcurr_mix[0m[2m=[0m0.4500248432159424 [3mprogress[0m[2m=[0m0.4500248432159424
[2m2025-10-04T05:05:21.702286Z[0m [34mDEBUG[0m crossfade pixel samples [3mprev_pixel[0m[2m=[0m[0.54997516, 0.54997516, 0.54997516, 0.54997516] [3mcurr_pixel[0m[2m=[0m[0.0, 0.0, 0.0, 0.45002484] [3mblended_pixel[0m[2m=[0m[0.54997516, 0.54997516, 0.54997516, 1.0]
[2m2025-10-04T05:05:21.718970Z[0m [34mDEBUG[0m crossfade weights [3mprev_mix[0m[2m=[0m0.5332542657852173 [3mcurr_mix[0m[2m=[0m0.4667457342147827 [3mprogress[0m[2m=[0m0.4667457342147827
[2m2025-10-04T05:05:21.718997Z[0m [34mDEBUG[0m crossfade pixel samples [3mprev_pixel[0m[2m=[0m[0.53325427, 0.53325427, 0.53325427, 0.53325427] [3mcurr_pixel[0m[2m=[0m[0.0, 0.0, 0.0, 0.46674573] [3mblended_pixel[0m[2m=[0m[0.53325427, 0.53325427, 0.53325427, 1.0]
[2m2025-10-04T05:05:21.735740Z[0m [34mDEBUG[0m crossfade weights [3mprev_mix[0m[2m=[0m0.5165038108825684 [3mcurr_mix[0m[2m=[0m0.48349618911743164 [3mprogress[0m[2m=[0m0.48349618911743164
[2m2025-10-04T05:05:21.735778Z[0m [34mDEBUG[0m crossfade pixel samples [3mprev_pixel[0m[2m=[0m[0.5165038, 0.5165038, 0.5165038, 0.5165038] [3mcurr_pixel[0m[2m=[0m[0.0, 0.0, 0.0, 0.4834962] [3mblended_pixel[0m[2m=[0m[0.5165038, 0.5165038, 0.5165038, 1.0]
[2m2025-10-04T05:05:21.752640Z[0m [34mDEBUG[0m crossfade weights [3mprev_mix[0m[2m=[0m0.49966806173324585 [3mcurr_mix[0m[2m=[0m0.5003319382667542 [3mprogress[0m[2m=[0m0.5003319382667542
[2m2025-10-04T05:05:21.752687Z[0m [34mDEBUG[0m crossfade pixel samples [3mprev_pixel[0m[2m=[0m[0.49966806, 0.49966806, 0.49966806, 0.49966806] [3mcurr_pixel[0m[2m=[0m[0.0, 0.0, 0.0, 0.50033194] [3mblended_pixel[0m[2m=[0m[0.49966806, 0.49966806, 0.49966806, 1.0]
[2m2025-10-04T05:05:21.768915Z[0m [34mDEBUG[0m crossfade weights [3mprev_mix[0m[2m=[0m0.4833037257194519 [3mcurr_mix[0m[2m=[0m0.5166962742805481 [3mprogress[0m[2m=[0m0.5166962742805481
[2m2025-10-04T05:05:21.768943Z[0m [34mDEBUG[0m crossfade pixel samples [3mprev_pixel[0m[2m=[0m[0.48330373, 0.48330373, 0.48330373, 0.48330373] [3mcurr_pixel[0m[2m=[0m[0.0, 0.0, 0.0, 0.5166963] [3mblended_pixel[0m[2m=[0m[0.48330373, 0.48330373, 0.48330373, 1.0]
[2m2025-10-04T05:05:21.785607Z[0m [34mDEBUG[0m crossfade weights [3mprev_mix[0m[2m=[0m0.4666188955307007 [3mcurr_mix[0m[2m=[0m0.5333811044692993 [3mprogress[0m[2m=[0m0.5333811044692993
[2m2025-10-04T05:05:21.785636Z[0m [34mDEBUG[0m crossfade pixel samples [3mprev_pixel[0m[2m=[0m[0.4666189, 0.4666189, 0.4666189, 0.4666189] [3mcurr_pixel[0m[2m=[0m[0.0, 0.0, 0.0, 0.5333811] [3mblended_pixel[0m[2m=[0m[0.4666189, 0.4666189, 0.4666189, 1.0]
[2m2025-10-04T05:05:21.802238Z[0m [34mDEBUG[0m crossfade weights [3mprev_mix[0m[2m=[0m0.44999510049819946 [3mcurr_mix[0m[2m=[0m0.5500048995018005 [3mprogress[0m[2m=[0m0.5500048995018005
[2m2025-10-04T05:05:21.802272Z[0m [34mDEBUG[0m crossfade pixel samples [3mprev_pixel[0m[2m=[0m[0.4499951, 0.4499951, 0.4499951, 0.4499951] [3mcurr_pixel[0m[2m=[0m[0.0, 0.0, 0.0, 0.5500049] [3mblended_pixel[0m[2m=[0m[0.4499951, 0.4499951, 0.4499951, 1.0]
[2m2025-10-04T05:05:21.818952Z[0m [34mDEBUG[0m crossfade weights [3mprev_mix[0m[2m=[0m0.4332783818244934 [3mcurr_mix[0m[2m=[0m0.5667216181755066 [3mprogress[0m[2m=[0m0.5667216181755066
[2m2025-10-04T05:05:21.818982Z[0m [34mDEBUG[0m crossfade pixel samples [3mprev_pixel[0m[2m=[0m[0.43327838, 0.43327838, 0.43327838, 0.43327838] [3mcurr_pixel[0m[2m=[0m[0.0, 0.0, 0.0, 0.5667216] [3mblended_pixel[0m[2m=[0m[0.43327838, 0.43327838, 0.43327838, 1.0]
[2m2025-10-04T05:05:21.835585Z[0m [34mDEBUG[0m crossfade weights [3mprev_mix[0m[2m=[0m0.4166344404220581 [3mcurr_mix[0m[2m=[0m0.5833655595779419 [3mprogress[0m[2m=[0m0.5833655595779419
[2m2025-10-04T05:05:21.835613Z[0m [34mDEBUG[0m crossfade pixel samples [3mprev_pixel[0m[2m=[0m[0.41663444, 0.41663444, 0.41663444, 0.41663444] [3mcurr_pixel[0m[2m=[0m[0.0, 0.0, 0.0, 0.58336556] [3mblended_pixel[0m[2m=[0m[0.41663444, 0.41663444, 0.41663444, 1.0]
[2m2025-10-04T05:05:21.852243Z[0m [34mDEBUG[0m crossfade weights [3mprev_mix[0m[2m=[0m0.3999878168106079 [3mcurr_mix[0m[2m=[0m0.6000121831893921 [3mprogress[0m[2m=[0m0.6000121831893921
[2m2025-10-04T05:05:21.852272Z[0m [34mDEBUG[0m crossfade pixel samples [3mprev_pixel[0m[2m=[0m[0.39998782, 0.39998782, 0.39998782, 0.39998782] [3mcurr_pixel[0m[2m=[0m[0.0, 0.0, 0.0, 0.6000122] [3mblended_pixel[0m[2m=[0m[0.39998782, 0.39998782, 0.39998782, 1.0]
[2m2025-10-04T05:05:21.868887Z[0m [34mDEBUG[0m crossfade weights [3mprev_mix[0m[2m=[0m0.3833312392234802 [3mcurr_mix[0m[2m=[0m0.6166687607765198 [3mprogress[0m[2m=[0m0.6166687607765198
[2m2025-10-04T05:05:21.868915Z[0m [34mDEBUG[0m crossfade pixel samples [3mprev_pixel[0m[2m=[0m[0.38333124, 0.38333124, 0.38333124, 0.38333124] [3mcurr_pixel[0m[2m=[0m[0.0, 0.0, 0.0, 0.61666876] [3mblended_pixel[0m[2m=[0m[0.38333124, 0.38333124, 0.38333124, 1.0]
[2m2025-10-04T05:05:21.885570Z[0m [34mDEBUG[0m crossfade weights [3mprev_mix[0m[2m=[0m0.366649866104126 [3mcurr_mix[0m[2m=[0m0.633350133895874 [3mprogress[0m[2m=[0m0.633350133895874
[2m2025-10-04T05:05:21.885597Z[0m [34mDEBUG[0m crossfade pixel samples [3mprev_pixel[0m[2m=[0m[0.36664987, 0.36664987, 0.36664987, 0.36664987] [3mcurr_pixel[0m[2m=[0m[0.0, 0.0, 0.0, 0.63335013] [3mblended_pixel[0m[2m=[0m[0.36664987, 0.36664987, 0.36664987, 1.0]
[2m2025-10-04T05:05:21.902231Z[0m [34mDEBUG[0m crossfade weights [3mprev_mix[0m[2m=[0m0.3500019907951355 [3mcurr_mix[0m[2m=[0m0.6499980092048645 [3mprogress[0m[2m=[0m0.6499980092048645
[2m2025-10-04T05:05:21.902258Z[0m [34mDEBUG[0m crossfade pixel samples [3mprev_pixel[0m[2m=[0m[0.350002, 0.350002, 0.350002, 0.350002] [3mcurr_pixel[0m[2m=[0m[0.0, 0.0, 0.0, 0.649998] [3mblended_pixel[0m[2m=[0m[0.350002, 0.350002, 0.350002, 1.0]
[2m2025-10-04T05:05:21.918890Z[0m [34mDEBUG[0m crossfade weights [3mprev_mix[0m[2m=[0m0.33332759141921997 [3mcurr_mix[0m[2m=[0m0.66667240858078 [3mprogress[0m[2m=[0m0.66667240858078
[2m2025-10-04T05:05:21.918917Z[0m [34mDEBUG[0m crossfade pixel samples [3mprev_pixel[0m[2m=[0m[0.3333276, 0.3333276, 0.3333276, 0.3333276] [3mcurr_pixel[0m[2m=[0m[0.0, 0.0, 0.0, 0.6666724] [3mblended_pixel[0m[2m=[0m[0.3333276, 0.3333276, 0.3333276, 1.0]
[2m2025-10-04T05:05:21.935572Z[0m [34mDEBUG[0m crossfade weights [3mprev_mix[0m[2m=[0m0.31664609909057617 [3mcurr_mix[0m[2m=[0m0.6833539009094238 [3mprogress[0m[2m=[0m0.6833539009094238
[2m2025-10-04T05:05:21.935600Z[0m [34mDEBUG[0m crossfade pixel samples [3mprev_pixel[0m[2m=[0m[0.3166461, 0.3166461, 0.3166461, 0.3166461] [3mcurr_pixel[0m[2m=[0m[0.0, 0.0, 0.0, 0.6833539] [3mblended_pixel[0m[2m=[0m[0.3166461, 0.3166461, 0.3166461, 1.0]
[2m2025-10-04T05:05:21.952249Z[0m [34mDEBUG[0m crossfade weights [3mprev_mix[0m[2m=[0m0.29998302459716797 [3mcurr_mix[0m[2m=[0m0.700016975402832 [3mprogress[0m[2m=[0m0.700016975402832
[2m2025-10-04T05:05:21.952287Z[0m [34mDEBUG[0m crossfade pixel samples [3mprev_pixel[0m[2m=[0m[0.29998302, 0.29998302, 0.29998302, 0.29998302] [3mcurr_pixel[0m[2m=[0m[0.0, 0.0, 0.0, 0.700017] [3mblended_pixel[0m[2m=[0m[0.29998302, 0.29998302, 0.29998302, 1.0]
[2m2025-10-04T05:05:21.968888Z[0m [34mDEBUG[0m crossfade weights [3mprev_mix[0m[2m=[0m0.2833300232887268 [3mcurr_mix[0m[2m=[0m0.7166699767112732 [3mprogress[0m[2m=[0m0.7166699767112732
[2m2025-10-04T05:05:21.968915Z[0m [34mDEBUG[0m crossfade pixel samples [3mprev_pixel[0m[2m=[0m[0.28333002, 0.28333002, 0.28333002, 0.28333002] [3mcurr_pixel[0m[2m=[0m[0.0, 0.0, 0.0, 0.71667] [3mblended_pixel[0m[2m=[0m[0.28333002, 0.28333002, 0.28333002, 1.0]
[2m2025-10-04T05:05:21.985648Z[0m [34mDEBUG[0m crossfade weights [3mprev_mix[0m[2m=[0m0.2665783762931824 [3mcurr_mix[0m[2m=[0m0.7334216237068176 [3mprogress[0m[2m=[0m0.7334216237068176
[2m2025-10-04T05:05:21.985677Z[0m [34mDEBUG[0m crossfade pixel samples [3mprev_pixel[0m[2m=[0m[0.26657838, 0.26657838, 0.26657838, 0.26657838] [3mcurr_pixel[0m[2m=[0m[0.0, 0.0, 0.0, 0.7334216] [3mblended_pixel[0m[2m=[0m[0.26657838, 0.26657838, 0.26657838, 1.0]
[2m2025-10-04T05:05:22.002235Z[0m [34mDEBUG[0m crossfade weights [3mprev_mix[0m[2m=[0m0.24999666213989258 [3mcurr_mix[0m[2m=[0m0.7500033378601074 [3mprogress[0m[2m=[0m0.7500033378601074
[2m2025-10-04T05:05:22.002262Z[0m [34mDEBUG[0m crossfade pixel samples [3mprev_pixel[0m[2m=[0m[0.24999666, 0.24999666, 0.24999666, 0.24999666] [3mcurr_pixel[0m[2m=[0m[0.0, 0.0, 0.0, 0.75000334] [3mblended_pixel[0m[2m=[0m[0.24999666, 0.24999666, 0.24999666, 1.0]
[2m2025-10-04T05:05:22.018892Z[0m [34mDEBUG[0m crossfade weights [3mprev_mix[0m[2m=[0m0.2333253026008606 [3mcurr_mix[0m[2m=[0m0.7666746973991394 [3mprogress[0m[2m=[0m0.7666746973991394
[2m2025-10-04T05:05:22.018919Z[0m [34mDEBUG[0m crossfade pixel samples [3mprev_pixel[0m[2m=[0m[0.2333253, 0.2333253, 0.2333253, 0.2333253] [3mcurr_pixel[0m[2m=[0m[0.0, 0.0, 0.0, 0.7666747] [3mblended_pixel[0m[2m=[0m[0.2333253, 0.2333253, 0.2333253, 1.0]
[2m2025-10-04T05:05:22.035566Z[0m [34mDEBUG[0m crossfade weights [3mprev_mix[0m[2m=[0m0.21665233373641968 [3mcurr_mix[0m[2m=[0m0.7833476662635803 [3mprogress[0m[2m=[0m0.7833476662635803
[2m2025-10-04T05:05:22.035593Z[0m [34mDEBUG[0m crossfade pixel samples [3mprev_pixel[0m[2m=[0m[0.21665233, 0.21665233, 0.21665233, 0.21665233] [3mcurr_pixel[0m[2m=[0m[0.0, 0.0, 0.0, 0.78334767] [3mblended_pixel[0m[2m=[0m[0.21665233, 0.21665233, 0.21665233, 1.0]
[2m2025-10-04T05:05:22.052237Z[0m [34mDEBUG[0m crossfade weights [3mprev_mix[0m[2m=[0m0.19999229907989502 [3mcurr_mix[0m[2m=[0m0.800007700920105 [3mprogress[0m[2m=[0m0.800007700920105
[2m2025-10-04T05:05:22.052267Z[0m [34mDEBUG[0m crossfade pixel samples [3mprev_pixel[0m[2m=[0m[0.1999923, 0.1999923, 0.1999923, 0.1999923] [3mcurr_pixel[0m[2m=[0m[0.0, 0.0, 0.0, 0.8000077] [3mblended_pixel[0m[2m=[0m[0.1999923, 0.1999923, 0.1999923, 1.0]
[2m2025-10-04T05:05:22.068885Z[0m [34mDEBUG[0m crossfade weights [3mprev_mix[0m[2m=[0m0.1833326816558838 [3mcurr_mix[0m[2m=[0m0.8166673183441162 [3mprogress[0m[2m=[0m0.8166673183441162
[2m2025-10-04T05:05:22.068912Z[0m [34mDEBUG[0m crossfade pixel samples [3mprev_pixel[0m[2m=[0m[0.18333268, 0.18333268, 0.18333268, 0.18333268] [3mcurr_pixel[0m[2m=[0m[0.0, 0.0, 0.0, 0.8166673] [3mblended_pixel[0m[2m=[0m[0.18333268, 0.18333268, 0.18333268, 1.0]
[2m2025-10-04T05:05:22.085573Z[0m [34mDEBUG[0m crossfade weights [3mprev_mix[0m[2m=[0m0.16664570569992065 [3mcurr_mix[0m[2m=[0m0.8333542943000793 [3mprogress[0m[2m=[0m0.8333542943000793
[2m2025-10-04T05:05:22.085606Z[0m [34mDEBUG[0m crossfade pixel samples [3mprev_pixel[0m[2m=[0m[0.1666457, 0.1666457, 0.1666457, 0.1666457] [3mcurr_pixel[0m[2m=[0m[0.0, 0.0, 0.0, 0.8333543] [3mblended_pixel[0m[2m=[0m[0.1666457, 0.1666457, 0.1666457, 1.0]
[2m2025-10-04T05:05:22.102233Z[0m [34mDEBUG[0m crossfade weights [3mprev_mix[0m[2m=[0m0.14999938011169434 [3mcurr_mix[0m[2m=[0m0.8500006198883057 [3mprogress[0m[2m=[0m0.8500006198883057
[2m2025-10-04T05:05:22.102260Z[0m [34mDEBUG[0m crossfade pixel samples [3mprev_pixel[0m[2m=[0m[0.14999938, 0.14999938, 0.14999938, 0.14999938] [3mcurr_pixel[0m[2m=[0m[0.0, 0.0, 0.0, 0.8500006] [3mblended_pixel[0m[2m=[0m[0.14999938, 0.14999938, 0.14999938, 1.0]
[2m2025-10-04T05:05:22.118886Z[0m [34mDEBUG[0m crossfade weights [3mprev_mix[0m[2m=[0m0.1333344578742981 [3mcurr_mix[0m[2m=[0m0.8666655421257019 [3mprogress[0m[2m=[0m0.8666655421257019
[2m2025-10-04T05:05:22.118913Z[0m [34mDEBUG[0m crossfade pixel samples [3mprev_pixel[0m[2m=[0m[0.13333446, 0.13333446, 0.13333446, 0.13333446] [3mcurr_pixel[0m[2m=[0m[0.0, 0.0, 0.0, 0.86666554] [3mblended_pixel[0m[2m=[0m[0.13333446, 0.13333446, 0.13333446, 1.0]
[2m2025-10-04T05:05:22.135560Z[0m [34mDEBUG[0m crossfade weights [3mprev_mix[0m[2m=[0m0.11665761470794678 [3mcurr_mix[0m[2m=[0m0.8833423852920532 [3mprogress[0m[2m=[0m0.8833423852920532
[2m2025-10-04T05:05:22.135587Z[0m [34mDEBUG[0m crossfade pixel samples [3mprev_pixel[0m[2m=[0m[0.116657615, 0.116657615, 0.116657615, 0.116657615] [3mcurr_pixel[0m[2m=[0m[0.0, 0.0, 0.0, 0.8833424] [3mblended_pixel[0m[2m=[0m[0.116657615, 0.116657615, 0.116657615, 1.0]
[2m2025-10-04T05:05:22.152252Z[0m [34mDEBUG[0m crossfade weights [3mprev_mix[0m[2m=[0m0.09997814893722534 [3mcurr_mix[0m[2m=[0m0.9000218510627747 [3mprogress[0m[2m=[0m0.9000218510627747
[2m2025-10-04T05:05:22.152281Z[0m [34mDEBUG[0m crossfade pixel samples [3mprev_pixel[0m[2m=[0m[0.09997815, 0.09997815, 0.09997815, 0.09997815] [3mcurr_pixel[0m[2m=[0m[0.0, 0.0, 0.0, 0.90002185] [3mblended_pixel[0m[2m=[0m[0.09997815, 0.09997815, 0.09997815, 1.0]
[2m2025-10-04T05:05:22.168983Z[0m [34mDEBUG[0m crossfade weights [3mprev_mix[0m[2m=[0m0.08325541019439697 [3mcurr_mix[0m[2m=[0m0.916744589805603 [3mprogress[0m[2m=[0m0.916744589805603
[2m2025-10-04T05:05:22.169016Z[0m [34mDEBUG[0m crossfade pixel samples [3mprev_pixel[0m[2m=[0m[0.08325541, 0.08325541, 0.08325541, 0.08325541] [3mcurr_pixel[0m[2m=[0m[0.0, 0.0, 0.0, 0.9167446] [3mblended_pixel[0m[2m=[0m[0.08325541, 0.08325541, 0.08325541, 1.0]
[2m2025-10-04T05:05:22.185592Z[0m [34mDEBUG[0m crossfade weights [3mprev_mix[0m[2m=[0m0.06662875413894653 [3mcurr_mix[0m[2m=[0m0.9333712458610535 [3mprogress[0m[2m=[0m0.9333712458610535
[2m2025-10-04T05:05:22.185621Z[0m [34mDEBUG[0m crossfade pixel samples [3mprev_pixel[0m[2m=[0m[0.066628754, 0.066628754, 0.066628754, 0.066628754] [3mcurr_pixel[0m[2m=[0m[0.0, 0.0, 0.0, 0.93337125] [3mblended_pixel[0m[2m=[0m[0.066628754, 0.066628754, 0.066628754, 1.0]
[2m2025-10-04T05:05:22.202237Z[0m [34mDEBUG[0m crossfade weights [3mprev_mix[0m[2m=[0m0.049996912479400635 [3mcurr_mix[0m[2m=[0m0.9500030875205994 [3mprogress[0m[2m=[0m0.9500030875205994
[2m2025-10-04T05:05:22.202265Z[0m [34mDEBUG[0m crossfade pixel samples [3mprev_pixel[0m[2m=[0m[0.049996912, 0.049996912, 0.049996912, 0.049996912] [3mcurr_pixel[0m[2m=[0m[0.0, 0.0, 0.0, 0.9500031] [3mblended_pixel[0m[2m=[0m[0.049996912, 0.049996912, 0.049996912, 1.0]
[2m2025-10-04T05:05:22.218890Z[0m [34mDEBUG[0m crossfade weights [3mprev_mix[0m[2m=[0m0.03332817554473877 [3mcurr_mix[0m[2m=[0m0.9666718244552612 [3mprogress[0m[2m=[0m0.9666718244552612
[2m2025-10-04T05:05:22.218917Z[0m [34mDEBUG[0m crossfade pixel samples [3mprev_pixel[0m[2m=[0m[0.033328176, 0.033328176, 0.033328176, 0.033328176] [3mcurr_pixel[0m[2m=[0m[0.0, 0.0, 0.0, 0.9666718] [3mblended_pixel[0m[2m=[0m[0.033328176, 0.033328176, 0.033328176, 1.0]
[2m2025-10-04T05:05:22.235490Z[0m [34mDEBUG[0m updated shader uniforms [3mi_time[0m[2m=[0m0.9058418273925781 [3mi_frame[0m[2m=[0m56 [3mi_mouse[0m[2m=[0m[453.79297, 651.125, 0.0, 0.0] [3mwidth[0m[2m=[0m1565 [3mheight[0m[2m=[0m1020
[2m2025-10-04T05:05:22.235601Z[0m [34mDEBUG[0m crossfade weights [3mprev_mix[0m[2m=[0m0.0166623592376709 [3mcurr_mix[0m[2m=[0m0.9833376407623291 [3mprogress[0m[2m=[0m0.9833376407623291
[2m2025-10-04T05:05:22.235625Z[0m [34mDEBUG[0m crossfade pixel samples [3mprev_pixel[0m[2m=[0m[0.01666236, 0.01666236, 0.01666236, 0.01666236] [3mcurr_pixel[0m[2m=[0m[0.0, 0.0, 0.0, 0.98333764] [3mblended_pixel[0m[2m=[0m[0.01666236, 0.01666236, 0.01666236, 1.0]
[2m2025-10-04T05:05:23.235511Z[0m [34mDEBUG[0m updated shader uniforms [3mi_time[0m[2m=[0m1.905855655670166 [3mi_frame[0m[2m=[0m116 [3mi_mouse[0m[2m=[0m[453.79297, 651.125, 0.0, 0.0] [3mwidth[0m[2m=[0m1565 [3mheight[0m[2m=[0m1020
[2m2025-10-04T05:05:24.235522Z[0m [34mDEBUG[0m updated shader uniforms [3mi_time[0m[2m=[0m2.9058663845062256 [3mi_frame[0m[2m=[0m176 [3mi_mouse[0m[2m=[0m[453.79297, 651.125, 0.0, 0.0] [3mwidth[0m[2m=[0m1565 [3mheight[0m[2m=[0m1020
